<?xml version="1.0" encoding="UTF-8"?>
<testng-results skipped="1" failed="0" total="1" passed="0">
  <reporter-output>
  </reporter-output>
  <suite name="Default suite" duration-ms="65904" started-at="2017-04-25T15:27:27Z" finished-at="2017-04-25T15:28:33Z">
    <groups>
    </groups>
    <test name="Default test" duration-ms="65904" started-at="2017-04-25T15:27:27Z" finished-at="2017-04-25T15:28:33Z">
      <class name="selenium.Printall_dropdownlocators_HMS">
        <test-method status="FAIL" signature="beforeTest()[pri:0, instance:selenium.Printall_dropdownlocators_HMS@1810399e]" name="beforeTest" is-config="true" duration-ms="0" started-at="2017-04-25T20:57:27Z" finished-at="2017-04-25T20:57:27Z">
          <exception class="org.openqa.selenium.WebDriverException">
            <message>
              <![CDATA[Failed to connect to binary FirefoxBinary(C:\Program Files (x86)\Mozilla Firefox\firefox.exe) on port 7055; process output follows: 
le":true,"active":true,"userDisabled":false,"appDisabled":false,"descriptor":"C:\\Program Files (x86)\\Mozilla Firefox\\browser\\extensions\\{972ce4c6-7e08-4474-a285-3208198ce6fd}.xpi","installDate":1487609406713,"updateDate":1487609406713,"applyBackgroundUpdates":1,"skinnable":true,"size":19708,"sourceURI":null,"releaseNotesURI":null,"softDisabled":false,"foreignInstall":false,"hasBinaryComponents":false,"strictCompatibility":true,"locales":[],"targetApplications":[{"id":"{ec8030f7-c20a-464f-9b0e-13a3a9e97384}","minVersion":"51.0.1","maxVersion":"51.0.1"}],"targetPlatforms":[],"seen":true,"dependencies":[],"hasEmbeddedWebExtension":false}
1493134072883	addons.xpi	DEBUG	getModTime: Recursive scan of {972ce4c6-7e08-4474-a285-3208198ce6fd}
1493134072885	DeferredSave.extensions.json	DEBUG	Save changes
1493134072885	addons.xpi	DEBUG	Updating database with changes to installed add-ons
1493134072885	addons.xpi-utils	DEBUG	Updating add-on states
1493134072887	addons.xpi-utils	DEBUG	Writing add-ons list
1493134072942	addons.xpi	DEBUG	Registering manifest for C:\Program Files (x86)\Mozilla Firefox\browser\features\aushelper@mozilla.org.xpi
1493134072942	addons.xpi	DEBUG	Calling bootstrap method startup on aushelper@mozilla.org version 1.0
1493134072946	addons.xpi	DEBUG	Registering manifest for C:\Program Files (x86)\Mozilla Firefox\browser\features\e10srollout@mozilla.org.xpi
1493134072947	addons.xpi	DEBUG	Calling bootstrap method startup on e10srollout@mozilla.org version 1.7
1493134072949	addons.xpi	DEBUG	Registering manifest for C:\Program Files (x86)\Mozilla Firefox\browser\features\firefox@getpocket.com.xpi
1493134072950	addons.xpi	DEBUG	Calling bootstrap method startup on firefox@getpocket.com version 1.0.5
1493134072952	addons.xpi	DEBUG	Registering manifest for C:\Program Files (x86)\Mozilla Firefox\browser\features\webcompat@mozilla.org.xpi
1493134072953	addons.xpi	DEBUG	Calling bootstrap method startup on webcompat@mozilla.org version 1.0
1493134072957	addons.manager	DEBUG	Registering shutdown blocker for XPIProvider
1493134072959	addons.manager	DEBUG	Provider finished startup: XPIProvider
1493134072959	addons.manager	DEBUG	Starting provider: LightweightThemeManager
1493134072960	addons.manager	DEBUG	Registering shutdown blocker for LightweightThemeManager
1493134072960	addons.manager	DEBUG	Provider finished startup: LightweightThemeManager
1493134072961	addons.manager	DEBUG	Starting provider: GMPProvider
1493134072972	addons.manager	DEBUG	Registering shutdown blocker for GMPProvider
1493134072973	addons.manager	DEBUG	Provider finished startup: GMPProvider
1493134072973	addons.manager	DEBUG	Starting provider: PluginProvider
1493134072990	addons.manager	DEBUG	Registering shutdown blocker for PluginProvider
1493134072991	addons.manager	DEBUG	Provider finished startup: PluginProvider
1493134072991	addons.manager	DEBUG	Completed startup sequence
1493134087074	addons.manager	DEBUG	Starting provider: <unnamed-provider>
1493134087074	addons.manager	DEBUG	Registering shutdown blocker for <unnamed-provider>
1493134087075	addons.manager	DEBUG	Provider finished startup: <unnamed-provider>
1493134087624	DeferredSave.extensions.json	DEBUG	Write succeeded
1493134087624	addons.xpi-utils	DEBUG	XPI Database saved, setting schema version preference to 19
1493134087624	DeferredSave.extensions.json	DEBUG	Starting timer
1493134087650	DeferredSave.extensions.json	DEBUG	Starting write
1493134087654	addons.repository	DEBUG	No addons.json found.
1493134087655	DeferredSave.addons.json	DEBUG	Save changes
1493134087658	DeferredSave.addons.json	DEBUG	Starting timer
1493134087702	addons.manager	DEBUG	Starting provider: PreviousExperimentProvider
1493134087702	addons.manager	DEBUG	Registering shutdown blocker for PreviousExperimentProvider
1493134087702	addons.manager	DEBUG	Provider finished startup: PreviousExperimentProvider
1493134087711	DeferredSave.addons.json	DEBUG	Starting write
1493134087729	DeferredSave.extensions.json	DEBUG	Write succeeded
1493134087764	DeferredSave.addons.json	DEBUG	Write succeeded

Build info: version: '2.53.1', revision: 'a36b8b1', time: '2016-06-30 17:37:03'
System info: host: 'Manohar', ip: '192.168.75.1', os.name: 'Windows 10', os.arch: 'amd64', os.version: '10.0', java.version: '1.8.0_101'
Driver info: driver.version: FirefoxDriver]]>
            </message>
            <full-stacktrace>
              <![CDATA[org.openqa.selenium.WebDriverException: Failed to connect to binary FirefoxBinary(C:\Program Files (x86)\Mozilla Firefox\firefox.exe) on port 7055; process output follows: 
le":true,"active":true,"userDisabled":false,"appDisabled":false,"descriptor":"C:\\Program Files (x86)\\Mozilla Firefox\\browser\\extensions\\{972ce4c6-7e08-4474-a285-3208198ce6fd}.xpi","installDate":1487609406713,"updateDate":1487609406713,"applyBackgroundUpdates":1,"skinnable":true,"size":19708,"sourceURI":null,"releaseNotesURI":null,"softDisabled":false,"foreignInstall":false,"hasBinaryComponents":false,"strictCompatibility":true,"locales":[],"targetApplications":[{"id":"{ec8030f7-c20a-464f-9b0e-13a3a9e97384}","minVersion":"51.0.1","maxVersion":"51.0.1"}],"targetPlatforms":[],"seen":true,"dependencies":[],"hasEmbeddedWebExtension":false}
1493134072883	addons.xpi	DEBUG	getModTime: Recursive scan of {972ce4c6-7e08-4474-a285-3208198ce6fd}
1493134072885	DeferredSave.extensions.json	DEBUG	Save changes
1493134072885	addons.xpi	DEBUG	Updating database with changes to installed add-ons
1493134072885	addons.xpi-utils	DEBUG	Updating add-on states
1493134072887	addons.xpi-utils	DEBUG	Writing add-ons list
1493134072942	addons.xpi	DEBUG	Registering manifest for C:\Program Files (x86)\Mozilla Firefox\browser\features\aushelper@mozilla.org.xpi
1493134072942	addons.xpi	DEBUG	Calling bootstrap method startup on aushelper@mozilla.org version 1.0
1493134072946	addons.xpi	DEBUG	Registering manifest for C:\Program Files (x86)\Mozilla Firefox\browser\features\e10srollout@mozilla.org.xpi
1493134072947	addons.xpi	DEBUG	Calling bootstrap method startup on e10srollout@mozilla.org version 1.7
1493134072949	addons.xpi	DEBUG	Registering manifest for C:\Program Files (x86)\Mozilla Firefox\browser\features\firefox@getpocket.com.xpi
1493134072950	addons.xpi	DEBUG	Calling bootstrap method startup on firefox@getpocket.com version 1.0.5
1493134072952	addons.xpi	DEBUG	Registering manifest for C:\Program Files (x86)\Mozilla Firefox\browser\features\webcompat@mozilla.org.xpi
1493134072953	addons.xpi	DEBUG	Calling bootstrap method startup on webcompat@mozilla.org version 1.0
1493134072957	addons.manager	DEBUG	Registering shutdown blocker for XPIProvider
1493134072959	addons.manager	DEBUG	Provider finished startup: XPIProvider
1493134072959	addons.manager	DEBUG	Starting provider: LightweightThemeManager
1493134072960	addons.manager	DEBUG	Registering shutdown blocker for LightweightThemeManager
1493134072960	addons.manager	DEBUG	Provider finished startup: LightweightThemeManager
1493134072961	addons.manager	DEBUG	Starting provider: GMPProvider
1493134072972	addons.manager	DEBUG	Registering shutdown blocker for GMPProvider
1493134072973	addons.manager	DEBUG	Provider finished startup: GMPProvider
1493134072973	addons.manager	DEBUG	Starting provider: PluginProvider
1493134072990	addons.manager	DEBUG	Registering shutdown blocker for PluginProvider
1493134072991	addons.manager	DEBUG	Provider finished startup: PluginProvider
1493134072991	addons.manager	DEBUG	Completed startup sequence
1493134087074	addons.manager	DEBUG	Starting provider: <unnamed-provider>
1493134087074	addons.manager	DEBUG	Registering shutdown blocker for <unnamed-provider>
1493134087075	addons.manager	DEBUG	Provider finished startup: <unnamed-provider>
1493134087624	DeferredSave.extensions.json	DEBUG	Write succeeded
1493134087624	addons.xpi-utils	DEBUG	XPI Database saved, setting schema version preference to 19
1493134087624	DeferredSave.extensions.json	DEBUG	Starting timer
1493134087650	DeferredSave.extensions.json	DEBUG	Starting write
1493134087654	addons.repository	DEBUG	No addons.json found.
1493134087655	DeferredSave.addons.json	DEBUG	Save changes
1493134087658	DeferredSave.addons.json	DEBUG	Starting timer
1493134087702	addons.manager	DEBUG	Starting provider: PreviousExperimentProvider
1493134087702	addons.manager	DEBUG	Registering shutdown blocker for PreviousExperimentProvider
1493134087702	addons.manager	DEBUG	Provider finished startup: PreviousExperimentProvider
1493134087711	DeferredSave.addons.json	DEBUG	Starting write
1493134087729	DeferredSave.extensions.json	DEBUG	Write succeeded
1493134087764	DeferredSave.addons.json	DEBUG	Write succeeded

Build info: version: '2.53.1', revision: 'a36b8b1', time: '2016-06-30 17:37:03'
System info: host: 'Manohar', ip: '192.168.75.1', os.name: 'Windows 10', os.arch: 'amd64', os.version: '10.0', java.version: '1.8.0_101'
Driver info: driver.version: FirefoxDriver
	at org.openqa.selenium.firefox.internal.NewProfileExtensionConnection.start(NewProfileExtensionConnection.java:124)
	at org.openqa.selenium.firefox.FirefoxDriver.startClient(FirefoxDriver.java:271)
	at org.openqa.selenium.remote.RemoteWebDriver.<init>(RemoteWebDriver.java:119)
	at org.openqa.selenium.firefox.FirefoxDriver.<init>(FirefoxDriver.java:218)
	at org.openqa.selenium.firefox.FirefoxDriver.<init>(FirefoxDriver.java:211)
	at org.openqa.selenium.firefox.FirefoxDriver.<init>(FirefoxDriver.java:207)
	at org.openqa.selenium.firefox.FirefoxDriver.<init>(FirefoxDriver.java:120)
	at selenium.Printall_dropdownlocators_HMS.beforeTest(Printall_dropdownlocators_HMS.java:28)
	at sun.reflect.NativeMethodAccessorImpl.invoke0(Native Method)
	at sun.reflect.NativeMethodAccessorImpl.invoke(NativeMethodAccessorImpl.java:62)
	at sun.reflect.DelegatingMethodAccessorImpl.invoke(DelegatingMethodAccessorImpl.java:43)
	at java.lang.reflect.Method.invoke(Method.java:498)
	at org.testng.internal.MethodInvocationHelper.invokeMethod(MethodInvocationHelper.java:100)
	at org.testng.internal.Invoker.invokeConfigurationMethod(Invoker.java:515)
	at org.testng.internal.Invoker.invokeConfigurations(Invoker.java:216)
	at org.testng.internal.Invoker.invokeConfigurations(Invoker.java:143)
	at org.testng.TestRunner.beforeRun(TestRunner.java:631)
	at org.testng.TestRunner.run(TestRunner.java:599)
	at org.testng.SuiteRunner.runTest(SuiteRunner.java:368)
	at org.testng.SuiteRunner.runSequentially(SuiteRunner.java:363)
	at org.testng.SuiteRunner.privateRun(SuiteRunner.java:321)
	at org.testng.SuiteRunner.run(SuiteRunner.java:270)
	at org.testng.SuiteRunnerWorker.runSuite(SuiteRunnerWorker.java:52)
	at org.testng.SuiteRunnerWorker.run(SuiteRunnerWorker.java:86)
	at org.testng.TestNG.runSuitesSequentially(TestNG.java:1284)
	at org.testng.TestNG.runSuitesLocally(TestNG.java:1209)
	at org.testng.TestNG.runSuites(TestNG.java:1124)
	at org.testng.TestNG.run(TestNG.java:1096)
	at org.testng.remote.AbstractRemoteTestNG.run(AbstractRemoteTestNG.java:132)
	at org.testng.remote.RemoteTestNG.initAndRun(RemoteTestNG.java:236)
	at org.testng.remote.RemoteTestNG.main(RemoteTestNG.java:81)
Caused by: org.openqa.selenium.firefox.NotConnectedException: Unable to connect to host 127.0.0.1 on port 7055 after 45000 ms. Firefox console output:
le":true,"active":true,"userDisabled":false,"appDisabled":false,"descriptor":"C:\\Program Files (x86)\\Mozilla Firefox\\browser\\extensions\\{972ce4c6-7e08-4474-a285-3208198ce6fd}.xpi","installDate":1487609406713,"updateDate":1487609406713,"applyBackgroundUpdates":1,"skinnable":true,"size":19708,"sourceURI":null,"releaseNotesURI":null,"softDisabled":false,"foreignInstall":false,"hasBinaryComponents":false,"strictCompatibility":true,"locales":[],"targetApplications":[{"id":"{ec8030f7-c20a-464f-9b0e-13a3a9e97384}","minVersion":"51.0.1","maxVersion":"51.0.1"}],"targetPlatforms":[],"seen":true,"dependencies":[],"hasEmbeddedWebExtension":false}
1493134072883	addons.xpi	DEBUG	getModTime: Recursive scan of {972ce4c6-7e08-4474-a285-3208198ce6fd}
1493134072885	DeferredSave.extensions.json	DEBUG	Save changes
1493134072885	addons.xpi	DEBUG	Updating database with changes to installed add-ons
1493134072885	addons.xpi-utils	DEBUG	Updating add-on states
1493134072887	addons.xpi-utils	DEBUG	Writing add-ons list
1493134072942	addons.xpi	DEBUG	Registering manifest for C:\Program Files (x86)\Mozilla Firefox\browser\features\aushelper@mozilla.org.xpi
1493134072942	addons.xpi	DEBUG	Calling bootstrap method startup on aushelper@mozilla.org version 1.0
1493134072946	addons.xpi	DEBUG	Registering manifest for C:\Program Files (x86)\Mozilla Firefox\browser\features\e10srollout@mozilla.org.xpi
1493134072947	addons.xpi	DEBUG	Calling bootstrap method startup on e10srollout@mozilla.org version 1.7
1493134072949	addons.xpi	DEBUG	Registering manifest for C:\Program Files (x86)\Mozilla Firefox\browser\features\firefox@getpocket.com.xpi
1493134072950	addons.xpi	DEBUG	Calling bootstrap method startup on firefox@getpocket.com version 1.0.5
1493134072952	addons.xpi	DEBUG	Registering manifest for C:\Program Files (x86)\Mozilla Firefox\browser\features\webcompat@mozilla.org.xpi
1493134072953	addons.xpi	DEBUG	Calling bootstrap method startup on webcompat@mozilla.org version 1.0
1493134072957	addons.manager	DEBUG	Registering shutdown blocker for XPIProvider
1493134072959	addons.manager	DEBUG	Provider finished startup: XPIProvider
1493134072959	addons.manager	DEBUG	Starting provider: LightweightThemeManager
1493134072960	addons.manager	DEBUG	Registering shutdown blocker for LightweightThemeManager
1493134072960	addons.manager	DEBUG	Provider finished startup: LightweightThemeManager
1493134072961	addons.manager	DEBUG	Starting provider: GMPProvider
1493134072972	addons.manager	DEBUG	Registering shutdown blocker for GMPProvider
1493134072973	addons.manager	DEBUG	Provider finished startup: GMPProvider
1493134072973	addons.manager	DEBUG	Starting provider: PluginProvider
1493134072990	addons.manager	DEBUG	Registering shutdown blocker for PluginProvider
1493134072991	addons.manager	DEBUG	Provider finished startup: PluginProvider
1493134072991	addons.manager	DEBUG	Completed startup sequence
1493134087074	addons.manager	DEBUG	Starting provider: <unnamed-provider>
1493134087074	addons.manager	DEBUG	Registering shutdown blocker for <unnamed-provider>
1493134087075	addons.manager	DEBUG	Provider finished startup: <unnamed-provider>
1493134087624	DeferredSave.extensions.json	DEBUG	Write succeeded
1493134087624	addons.xpi-utils	DEBUG	XPI Database saved, setting schema version preference to 19
1493134087624	DeferredSave.extensions.json	DEBUG	Starting timer
1493134087650	DeferredSave.extensions.json	DEBUG	Starting write
1493134087654	addons.repository	DEBUG	No addons.json found.
1493134087655	DeferredSave.addons.json	DEBUG	Save changes
1493134087658	DeferredSave.addons.json	DEBUG	Starting timer
1493134087702	addons.manager	DEBUG	Starting provider: PreviousExperimentProvider
1493134087702	addons.manager	DEBUG	Registering shutdown blocker for PreviousExperimentProvider
1493134087702	addons.manager	DEBUG	Provider finished startup: PreviousExperimentProvider
1493134087711	DeferredSave.addons.json	DEBUG	Starting write
1493134087729	DeferredSave.extensions.json	DEBUG	Write succeeded
1493134087764	DeferredSave.addons.json	DEBUG	Write succeeded

	at org.openqa.selenium.firefox.internal.NewProfileExtensionConnection.start(NewProfileExtensionConnection.java:112)
	... 30 more
]]>
            </full-stacktrace>
          </exception> <!-- org.openqa.selenium.WebDriverException -->
          <reporter-output>
          </reporter-output>
        </test-method> <!-- beforeTest -->
        <test-method status="SKIP" signature="f()[pri:0, instance:selenium.Printall_dropdownlocators_HMS@1810399e]" name="f" duration-ms="2" started-at="2017-04-25T20:58:33Z" finished-at="2017-04-25T20:58:33Z">
          <reporter-output>
          </reporter-output>
        </test-method> <!-- f -->
        <test-method status="SKIP" signature="afterTest()[pri:0, instance:selenium.Printall_dropdownlocators_HMS@1810399e]" name="afterTest" is-config="true" duration-ms="0" started-at="2017-04-25T20:58:33Z" finished-at="2017-04-25T20:58:33Z">
          <reporter-output>
          </reporter-output>
        </test-method> <!-- afterTest -->
      </class> <!-- selenium.Printall_dropdownlocators_HMS -->
    </test> <!-- Default test -->
  </suite> <!-- Default suite -->
</testng-results>
